# JRE version: OpenJDK Runtime Environment (10.0.2+13) (build 10.0.2+13-Ubuntu-1ubuntu0.18.04.4)
# Java VM: OpenJDK 64-Bit Server VM (10.0.2+13-Ubuntu-1ubuntu0.18.04.4, mixed mode, tiered, compressed oops, g1 gc, linux-amd64)
Heap:
 garbage-first heap   total 513024K, used 2429K [0x00000000c3c00000, 0x0000000100000000)
  region size 1024K, 1 young (1024K), 1 survivors (1024K)
 Metaspace       used 11893K, capacity 12245K, committed 12544K, reserved 1060864K
  class space    used 1089K, capacity 1231K, committed 1280K, reserved 1048576K
GC Heap History (10 events):
Event: 9553,778 GC heap after
{Heap after GC invocations=671 (full 0):
 garbage-first heap   total 195584K, used 2431K [0x00000000c3c00000, 0x0000000100000000)
  region size 1024K, 1 young (1024K), 1 survivors (1024K)
 Metaspace       used 11893K, capacity 12245K, committed 12544K, reserved 1060864K
  class space    used 1089K, capacity 1231K, committed 1280K, reserved 1048576K
}
Event: 9558,085 GC heap before
{Heap before GC invocations=671 (full 0):
 garbage-first heap   total 195584K, used 10623K [0x00000000c3c00000, 0x0000000100000000)
  region size 1024K, 9 young (9216K), 1 survivors (1024K)
 Metaspace       used 11893K, capacity 12245K, committed 12544K, reserved 1060864K
  class space    used 1089K, capacity 1231K, committed 1280K, reserved 1048576K
}
Event: 9558,380 GC heap after
{Heap after GC invocations=672 (full 0):
 garbage-first heap   total 195584K, used 2419K [0x00000000c3c00000, 0x0000000100000000)
  region size 1024K, 1 young (1024K), 1 survivors (1024K)
 Metaspace       used 11893K, capacity 12245K, committed 12544K, reserved 1060864K
  class space    used 1089K, capacity 1231K, committed 1280K, reserved 1048576K
}
Event: 9564,721 GC heap before
{Heap before GC invocations=672 (full 0):
 garbage-first heap   total 195584K, used 10611K [0x00000000c3c00000, 0x0000000100000000)
  region size 1024K, 9 young (9216K), 1 survivors (1024K)
 Metaspace       used 11893K, capacity 12245K, committed 12544K, reserved 1060864K
  class space    used 1089K, capacity 1231K, committed 1280K, reserved 1048576K
}
Event: 9586,030 GC heap after
{Heap after GC invocations=673 (full 0):
 garbage-first heap   total 195584K, used 2427K [0x00000000c3c00000, 0x0000000100000000)
  region size 1024K, 1 young (1024K), 1 survivors (1024K)
 Metaspace       used 11893K, capacity 12245K, committed 12544K, reserved 1060864K
  class space    used 1089K, capacity 1231K, committed 1280K, reserved 1048576K
}
Event: 9599,494 GC heap before
{Heap before GC invocations=673 (full 0):
 garbage-first heap   total 195584K, used 10619K [0x00000000c3c00000, 0x0000000100000000)
  region size 1024K, 9 young (9216K), 1 survivors (1024K)
 Metaspace       used 11893K, capacity 12245K, committed 12544K, reserved 1060864K
  class space    used 1089K, capacity 1231K, committed 1280K, reserved 1048576K
}
Event: 9614,332 GC heap after
{Heap after GC invocations=674 (full 0):
 garbage-first heap   total 195584K, used 2433K [0x00000000c3c00000, 0x0000000100000000)
  region size 1024K, 1 young (1024K), 1 survivors (1024K)
 Metaspace       used 11893K, capacity 12245K, committed 12544K, reserved 1060864K
  class space    used 1089K, capacity 1231K, committed 1280K, reserved 1048576K
}
Event: 9627,178 GC heap before
{Heap before GC invocations=674 (full 0):
 garbage-first heap   total 195584K, used 10625K [0x00000000c3c00000, 0x0000000100000000)
  region size 1024K, 9 young (9216K), 1 survivors (1024K)
 Metaspace       used 11893K, capacity 12245K, committed 12544K, reserved 1060864K
  class space    used 1089K, capacity 1231K, committed 1280K, reserved 1048576K
}
Event: 9630,545 GC heap after
{Heap after GC invocations=675 (full 0):
 garbage-first heap   total 195584K, used 2419K [0x00000000c3c00000, 0x0000000100000000)
  region size 1024K, 1 young (1024K), 1 survivors (1024K)
 Metaspace       used 11893K, capacity 12245K, committed 12544K, reserved 1060864K
  class space    used 1089K, capacity 1231K, committed 1280K, reserved 1048576K
}
Event: 9635,835 GC heap before
{Heap before GC invocations=675 (full 0):
 garbage-first heap   total 195584K, used 10611K [0x00000000c3c00000, 0x0000000100000000)
  region size 1024K, 9 young (9216K), 1 survivors (1024K)
 Metaspace       used 11893K, capacity 12245K, committed 12544K, reserved 1060864K
  class space    used 1089K, capacity 1231K, committed 1280K, reserved 1048576K
}

