# JRE version: OpenJDK Runtime Environment (10.0.2+13) (build 10.0.2+13-Ubuntu-1ubuntu0.18.04.4)
# Java VM: OpenJDK 64-Bit Server VM (10.0.2+13-Ubuntu-1ubuntu0.18.04.4, mixed mode, tiered, compressed oops, g1 gc, linux-amd64)
Heap:
 garbage-first heap   total 460800K, used 2685K [0x00000000c3c00000, 0x0000000100000000)
  region size 1024K, 1 young (1024K), 1 survivors (1024K)
 Metaspace       used 12960K, capacity 13443K, committed 13696K, reserved 1060864K
  class space    used 1184K, capacity 1348K, committed 1408K, reserved 1048576K
GC Heap History (10 events):
Event: 6827,607 GC heap after
{Heap after GC invocations=471 (full 0):
 garbage-first heap   total 153600K, used 2675K [0x00000000c3c00000, 0x0000000100000000)
  region size 1024K, 1 young (1024K), 1 survivors (1024K)
 Metaspace       used 12960K, capacity 13443K, committed 13696K, reserved 1060864K
  class space    used 1184K, capacity 1348K, committed 1408K, reserved 1048576K
}
Event: 6867,190 GC heap before
{Heap before GC invocations=471 (full 0):
 garbage-first heap   total 153600K, used 93811K [0x00000000c3c00000, 0x0000000100000000)
  region size 1024K, 90 young (92160K), 1 survivors (1024K)
 Metaspace       used 12960K, capacity 13443K, committed 13696K, reserved 1060864K
  class space    used 1184K, capacity 1348K, committed 1408K, reserved 1048576K
}
Event: 6885,630 GC heap after
{Heap after GC invocations=472 (full 0):
 garbage-first heap   total 153600K, used 2679K [0x00000000c3c00000, 0x0000000100000000)
  region size 1024K, 1 young (1024K), 1 survivors (1024K)
 Metaspace       used 12960K, capacity 13443K, committed 13696K, reserved 1060864K
  class space    used 1184K, capacity 1348K, committed 1408K, reserved 1048576K
}
Event: 6903,814 GC heap before
{Heap before GC invocations=472 (full 0):
 garbage-first heap   total 153600K, used 8823K [0x00000000c3c00000, 0x0000000100000000)
  region size 1024K, 7 young (7168K), 1 survivors (1024K)
 Metaspace       used 12960K, capacity 13443K, committed 13696K, reserved 1060864K
  class space    used 1184K, capacity 1348K, committed 1408K, reserved 1048576K
}
Event: 6916,116 GC heap after
{Heap after GC invocations=473 (full 0):
 garbage-first heap   total 153600K, used 2673K [0x00000000c3c00000, 0x0000000100000000)
  region size 1024K, 1 young (1024K), 1 survivors (1024K)
 Metaspace       used 12960K, capacity 13443K, committed 13696K, reserved 1060864K
  class space    used 1184K, capacity 1348K, committed 1408K, reserved 1048576K
}
Event: 6939,493 GC heap before
{Heap before GC invocations=473 (full 0):
 garbage-first heap   total 153600K, used 8817K [0x00000000c3c00000, 0x0000000100000000)
  region size 1024K, 7 young (7168K), 1 survivors (1024K)
 Metaspace       used 12960K, capacity 13443K, committed 13696K, reserved 1060864K
  class space    used 1184K, capacity 1348K, committed 1408K, reserved 1048576K
}
Event: 6953,869 GC heap after
{Heap after GC invocations=474 (full 0):
 garbage-first heap   total 153600K, used 2671K [0x00000000c3c00000, 0x0000000100000000)
  region size 1024K, 1 young (1024K), 1 survivors (1024K)
 Metaspace       used 12960K, capacity 13443K, committed 13696K, reserved 1060864K
  class space    used 1184K, capacity 1348K, committed 1408K, reserved 1048576K
}
Event: 6966,542 GC heap before
{Heap before GC invocations=474 (full 0):
 garbage-first heap   total 153600K, used 8815K [0x00000000c3c00000, 0x0000000100000000)
  region size 1024K, 7 young (7168K), 1 survivors (1024K)
 Metaspace       used 12960K, capacity 13443K, committed 13696K, reserved 1060864K
  class space    used 1184K, capacity 1348K, committed 1408K, reserved 1048576K
}
Event: 6976,946 GC heap after
{Heap after GC invocations=475 (full 0):
 garbage-first heap   total 153600K, used 2687K [0x00000000c3c00000, 0x0000000100000000)
  region size 1024K, 1 young (1024K), 1 survivors (1024K)
 Metaspace       used 12960K, capacity 13443K, committed 13696K, reserved 1060864K
  class space    used 1184K, capacity 1348K, committed 1408K, reserved 1048576K
}
Event: 6996,469 GC heap before
{Heap before GC invocations=475 (full 0):
 garbage-first heap   total 153600K, used 8831K [0x00000000c3c00000, 0x0000000100000000)
  region size 1024K, 7 young (7168K), 1 survivors (1024K)
 Metaspace       used 12960K, capacity 13443K, committed 13696K, reserved 1060864K
  class space    used 1184K, capacity 1348K, committed 1408K, reserved 1048576K
}

